Performing C++ SOURCE FILE Test CMAKE_HAVE_LIBC_PTHREAD failed with the following output:
Change Dir: /home/rustam/AndroidStudioProjects/libs/spdlog/build/arm64-v8a/CMakeFiles/CMakeTmp

Run Build Command(s):/usr/bin/make cmTC_8b107/fast && /usr/bin/make  -f CMakeFiles/cmTC_8b107.dir/build.make CMakeFiles/cmTC_8b107.dir/build
make[1]: вход в каталог «/home/rustam/AndroidStudioProjects/libs/spdlog/build/arm64-v8a/CMakeFiles/CMakeTmp»
Building CXX object CMakeFiles/cmTC_8b107.dir/src.cxx.o
/home/rustam/Android/Sdk/ndk/23.1.7779620/toolchains/llvm/prebuilt/linux-x86_64/bin/clang++ --target=aarch64-none-linux-android21 --gcc-toolchain=/home/rustam/Android/Sdk/ndk/23.1.7779620/toolchains/llvm/prebuilt/linux-x86_64 --sysroot=/home/rustam/Android/Sdk/ndk/23.1.7779620/toolchains/llvm/prebuilt/linux-x86_64/sysroot   -g -DANDROID -fdata-sections -ffunction-sections -funwind-tables -fstack-protector-strong -no-canonical-prefixes -D_FORTIFY_SOURCE=2 -Wformat -Werror=format-security  -DEBUG -DCMAKE_HAVE_LIBC_PTHREAD -fPIE -std=c++11 -o CMakeFiles/cmTC_8b107.dir/src.cxx.o -c /home/rustam/AndroidStudioProjects/libs/spdlog/build/arm64-v8a/CMakeFiles/CMakeTmp/src.cxx
/home/rustam/AndroidStudioProjects/libs/spdlog/build/arm64-v8a/CMakeFiles/CMakeTmp/src.cxx:13:3: error: use of undeclared identifier 'pthread_cancel'
  pthread_cancel(thread);
  ^
1 error generated.
make[1]: *** [CMakeFiles/cmTC_8b107.dir/build.make:85: CMakeFiles/cmTC_8b107.dir/src.cxx.o] Ошибка 1
make[1]: выход из каталога «/home/rustam/AndroidStudioProjects/libs/spdlog/build/arm64-v8a/CMakeFiles/CMakeTmp»
make: *** [Makefile:140: cmTC_8b107/fast] Ошибка 2


Source file was:
#include <pthread.h>

void* test_func(void* data)
{
  return data;
}

int main(void)
{
  pthread_t thread;
  pthread_create(&thread, NULL, test_func, NULL);
  pthread_detach(thread);
  pthread_cancel(thread);
  pthread_join(thread, NULL);
  pthread_atfork(NULL, NULL, NULL);
  pthread_exit(NULL);

  return 0;
}

Determining if the function pthread_create exists in the pthreads failed with the following output:
Change Dir: /home/rustam/AndroidStudioProjects/libs/spdlog/build/arm64-v8a/CMakeFiles/CMakeTmp

Run Build Command(s):/usr/bin/make cmTC_8d367/fast && /usr/bin/make  -f CMakeFiles/cmTC_8d367.dir/build.make CMakeFiles/cmTC_8d367.dir/build
make[1]: вход в каталог «/home/rustam/AndroidStudioProjects/libs/spdlog/build/arm64-v8a/CMakeFiles/CMakeTmp»
Building CXX object CMakeFiles/cmTC_8d367.dir/CheckFunctionExists.cxx.o
/home/rustam/Android/Sdk/ndk/23.1.7779620/toolchains/llvm/prebuilt/linux-x86_64/bin/clang++ --target=aarch64-none-linux-android21 --gcc-toolchain=/home/rustam/Android/Sdk/ndk/23.1.7779620/toolchains/llvm/prebuilt/linux-x86_64 --sysroot=/home/rustam/Android/Sdk/ndk/23.1.7779620/toolchains/llvm/prebuilt/linux-x86_64/sysroot   -g -DANDROID -fdata-sections -ffunction-sections -funwind-tables -fstack-protector-strong -no-canonical-prefixes -D_FORTIFY_SOURCE=2 -Wformat -Werror=format-security  -DEBUG -DCHECK_FUNCTION_EXISTS=pthread_create -fPIE -std=c++11 -o CMakeFiles/cmTC_8d367.dir/CheckFunctionExists.cxx.o -c /home/rustam/AndroidStudioProjects/libs/spdlog/build/arm64-v8a/CMakeFiles/CheckLibraryExists/CheckFunctionExists.cxx
Linking CXX executable cmTC_8d367
/home/rustam/Android/Sdk/cmake/3.18.1/bin/cmake -E cmake_link_script CMakeFiles/cmTC_8d367.dir/link.txt --verbose=1
/home/rustam/Android/Sdk/ndk/23.1.7779620/toolchains/llvm/prebuilt/linux-x86_64/bin/clang++ --target=aarch64-none-linux-android21 --gcc-toolchain=/home/rustam/Android/Sdk/ndk/23.1.7779620/toolchains/llvm/prebuilt/linux-x86_64 --sysroot=/home/rustam/Android/Sdk/ndk/23.1.7779620/toolchains/llvm/prebuilt/linux-x86_64/sysroot -g -DANDROID -fdata-sections -ffunction-sections -funwind-tables -fstack-protector-strong -no-canonical-prefixes -D_FORTIFY_SOURCE=2 -Wformat -Werror=format-security  -DEBUG -DCHECK_FUNCTION_EXISTS=pthread_create -static-libstdc++ -Wl,--build-id=sha1 -Wl,--no-rosegment -Wl,--fatal-warnings -Wl,--no-undefined -Qunused-arguments -Wl,--gc-sections   CMakeFiles/cmTC_8d367.dir/CheckFunctionExists.cxx.o -o cmTC_8d367  -lpthreads -latomic -lm 
ld: error: unable to find library -lpthreads
clang++: error: linker command failed with exit code 1 (use -v to see invocation)
make[1]: *** [CMakeFiles/cmTC_8d367.dir/build.make:106: cmTC_8d367] Ошибка 1
make[1]: выход из каталога «/home/rustam/AndroidStudioProjects/libs/spdlog/build/arm64-v8a/CMakeFiles/CMakeTmp»
make: *** [Makefile:140: cmTC_8d367/fast] Ошибка 2



Determining if the function pthread_create exists in the pthread failed with the following output:
Change Dir: /home/rustam/AndroidStudioProjects/libs/spdlog/build/arm64-v8a/CMakeFiles/CMakeTmp

Run Build Command(s):/usr/bin/make cmTC_8c96e/fast && /usr/bin/make  -f CMakeFiles/cmTC_8c96e.dir/build.make CMakeFiles/cmTC_8c96e.dir/build
make[1]: вход в каталог «/home/rustam/AndroidStudioProjects/libs/spdlog/build/arm64-v8a/CMakeFiles/CMakeTmp»
Building CXX object CMakeFiles/cmTC_8c96e.dir/CheckFunctionExists.cxx.o
/home/rustam/Android/Sdk/ndk/23.1.7779620/toolchains/llvm/prebuilt/linux-x86_64/bin/clang++ --target=aarch64-none-linux-android21 --gcc-toolchain=/home/rustam/Android/Sdk/ndk/23.1.7779620/toolchains/llvm/prebuilt/linux-x86_64 --sysroot=/home/rustam/Android/Sdk/ndk/23.1.7779620/toolchains/llvm/prebuilt/linux-x86_64/sysroot   -g -DANDROID -fdata-sections -ffunction-sections -funwind-tables -fstack-protector-strong -no-canonical-prefixes -D_FORTIFY_SOURCE=2 -Wformat -Werror=format-security  -DEBUG -DCHECK_FUNCTION_EXISTS=pthread_create -fPIE -std=c++11 -o CMakeFiles/cmTC_8c96e.dir/CheckFunctionExists.cxx.o -c /home/rustam/AndroidStudioProjects/libs/spdlog/build/arm64-v8a/CMakeFiles/CheckLibraryExists/CheckFunctionExists.cxx
Linking CXX executable cmTC_8c96e
/home/rustam/Android/Sdk/cmake/3.18.1/bin/cmake -E cmake_link_script CMakeFiles/cmTC_8c96e.dir/link.txt --verbose=1
/home/rustam/Android/Sdk/ndk/23.1.7779620/toolchains/llvm/prebuilt/linux-x86_64/bin/clang++ --target=aarch64-none-linux-android21 --gcc-toolchain=/home/rustam/Android/Sdk/ndk/23.1.7779620/toolchains/llvm/prebuilt/linux-x86_64 --sysroot=/home/rustam/Android/Sdk/ndk/23.1.7779620/toolchains/llvm/prebuilt/linux-x86_64/sysroot -g -DANDROID -fdata-sections -ffunction-sections -funwind-tables -fstack-protector-strong -no-canonical-prefixes -D_FORTIFY_SOURCE=2 -Wformat -Werror=format-security  -DEBUG -DCHECK_FUNCTION_EXISTS=pthread_create -static-libstdc++ -Wl,--build-id=sha1 -Wl,--no-rosegment -Wl,--fatal-warnings -Wl,--no-undefined -Qunused-arguments -Wl,--gc-sections   CMakeFiles/cmTC_8c96e.dir/CheckFunctionExists.cxx.o -o cmTC_8c96e  -lpthread -latomic -lm 
ld: error: unable to find library -lpthread
clang++: error: linker command failed with exit code 1 (use -v to see invocation)
make[1]: *** [CMakeFiles/cmTC_8c96e.dir/build.make:106: cmTC_8c96e] Ошибка 1
make[1]: выход из каталога «/home/rustam/AndroidStudioProjects/libs/spdlog/build/arm64-v8a/CMakeFiles/CMakeTmp»
make: *** [Makefile:140: cmTC_8c96e/fast] Ошибка 2



